<?xml version="1.0" encoding="UTF-8"?>
<!-- Generated by org.testng.reporters.JUnitXMLReporter -->
<testsuite hostname="DESKTOP-O9GDD4D" ignored="0" name="Test" tests="1" failures="1" timestamp="16 Jan 2019 12:13:23 GMT" time="5.686" errors="0">
  <testcase name="TC_01" time="0.0" classname="com.clx.Test.LoginTest.LoginTest">
    <failure type="org.testng.TestNGException" message="
Some DataProvider public java.lang.Object[][] com.clx.Test.LoginTest.LoginTest.LoginData(java.lang.String) throws java.io.IOException parameters unresolved:  at 0 type class java.lang.String
">
      <![CDATA[org.testng.TestNGException: 
Some DataProvider public java.lang.Object[][] com.clx.Test.LoginTest.LoginTest.LoginData(java.lang.String) throws java.io.IOException parameters unresolved:  at 0 type class java.lang.String

... Removed 23 stack frames]]>
    </failure>
  </testcase> <!-- TC_01 -->
</testsuite> <!-- Test -->
