<?xml version="1.0" encoding="UTF-8"?>
<testng-results skipped="0" failed="0" ignored="0" total="6" passed="6">
  <reporter-output>
  </reporter-output>
  <suite name="Suite" duration-ms="258510" started-at="2019-02-02T06:53:56Z" finished-at="2019-02-02T06:58:15Z">
    <groups>
    </groups>
    <test name="Test" duration-ms="258510" started-at="2019-02-02T06:53:56Z" finished-at="2019-02-02T06:58:15Z">
      <class name="com.clx.Test.LoginTest.LoginTest">
        <test-method status="PASS" signature="initialization(java.lang.String)[pri:0, instance:com.clx.Test.LoginTest.LoginTest@2e4b8173]" name="initialization" is-config="true" duration-ms="32681" started-at="2019-02-02T12:23:56Z" finished-at="2019-02-02T12:24:29Z">
          <params>
            <param index="0">
              <value>
                <![CDATA[chrome]]>
              </value>
            </param>
          </params>
          <reporter-output>
          </reporter-output>
        </test-method> <!-- initialization -->
        <test-method status="PASS" signature="TC_01(java.lang.String, java.lang.String)[pri:0, instance:com.clx.Test.LoginTest.LoginTest@2e4b8173]" name="TC_01" duration-ms="20497" started-at="2019-02-02T12:24:37Z" description=" Login with valid username and valid password" data-provider="Login" finished-at="2019-02-02T12:24:58Z">
          <params>
            <param index="0">
              <value>
                <![CDATA[kp24@yopmail.com]]>
              </value>
            </param>
            <param index="1">
              <value is-null="true"/>
            </param>
          </params>
          <reporter-output>
          </reporter-output>
        </test-method> <!-- TC_01 -->
        <test-method status="PASS" signature="TC_01(java.lang.String, java.lang.String)[pri:0, instance:com.clx.Test.LoginTest.LoginTest@2e4b8173]" name="TC_01" duration-ms="49961" started-at="2019-02-02T12:24:58Z" description=" Login with valid username and valid password" data-provider="Login" finished-at="2019-02-02T12:25:47Z">
          <params>
            <param index="0">
              <value>
                <![CDATA[Lexvia#2015]]>
              </value>
            </param>
            <param index="1">
              <value is-null="true"/>
            </param>
          </params>
          <reporter-output>
          </reporter-output>
        </test-method> <!-- TC_01 -->
        <test-method status="PASS" signature="TC_01(java.lang.String, java.lang.String)[pri:0, instance:com.clx.Test.LoginTest.LoginTest@2e4b8173]" name="TC_01" duration-ms="42069" started-at="2019-02-02T12:25:48Z" description=" Login with valid username and valid password" data-provider="Login" finished-at="2019-02-02T12:26:30Z">
          <params>
            <param index="0">
              <value>
                <![CDATA[kp24@yopmail.com]]>
              </value>
            </param>
            <param index="1">
              <value>
                <![CDATA[Lexvia#2016]]>
              </value>
            </param>
          </params>
          <reporter-output>
          </reporter-output>
        </test-method> <!-- TC_01 -->
        <test-method status="PASS" signature="TC_01(java.lang.String, java.lang.String)[pri:0, instance:com.clx.Test.LoginTest.LoginTest@2e4b8173]" name="TC_01" duration-ms="25974" started-at="2019-02-02T12:26:30Z" description=" Login with valid username and valid password" data-provider="Login" finished-at="2019-02-02T12:26:56Z">
          <params>
            <param index="0">
              <value>
                <![CDATA[kp224@yopmail.com]]>
              </value>
            </param>
            <param index="1">
              <value>
                <![CDATA[Lexvia#2015]]>
              </value>
            </param>
          </params>
          <reporter-output>
          </reporter-output>
        </test-method> <!-- TC_01 -->
        <test-method status="PASS" signature="TC_01(java.lang.String, java.lang.String)[pri:0, instance:com.clx.Test.LoginTest.LoginTest@2e4b8173]" name="TC_01" duration-ms="9883" started-at="2019-02-02T12:26:56Z" description=" Login with valid username and valid password" data-provider="Login" finished-at="2019-02-02T12:27:05Z">
          <params>
            <param index="0">
              <value>
                <![CDATA[kp224@yopmail.com]]>
              </value>
            </param>
            <param index="1">
              <value>
                <![CDATA[Lexvia#2016]]>
              </value>
            </param>
          </params>
          <reporter-output>
          </reporter-output>
        </test-method> <!-- TC_01 -->
        <test-method status="PASS" signature="TC_01(java.lang.String, java.lang.String)[pri:0, instance:com.clx.Test.LoginTest.LoginTest@2e4b8173]" name="TC_01" duration-ms="69176" started-at="2019-02-02T12:27:05Z" description=" Login with valid username and valid password" data-provider="Login" finished-at="2019-02-02T12:28:15Z">
          <params>
            <param index="0">
              <value>
                <![CDATA[kp24@yopmail.com]]>
              </value>
            </param>
            <param index="1">
              <value>
                <![CDATA[Lexvia#2015]]>
              </value>
            </param>
          </params>
          <reporter-output>
          </reporter-output>
        </test-method> <!-- TC_01 -->
      </class> <!-- com.clx.Test.LoginTest.LoginTest -->
    </test> <!-- Test -->
  </suite> <!-- Suite -->
</testng-results>
